This is XeTeX, Version 3.1415926-2.5-0.9999.3 (TeX Live 2013/W32TeX) (format=xelatex 2014.1.11)  14 MAR 2014 00:58
entering extended mode
 restricted \write18 enabled.
 %&-line parsing enabled.
**template_twocolumn_example-includepdf.tex
(./template_twocolumn_example-includepdf.tex
LaTeX2e <2011/06/27>
Babel <3.9f> and hyphenation patterns for 78 languages loaded.
(c:/texlive/2013/texmf-dist/tex/latex/base/article.cls
Document Class: article 2007/10/19 v1.4h Standard LaTeX document class
(c:/texlive/2013/texmf-dist/tex/latex/base/size10.clo
File: size10.clo 2007/10/19 v1.4h Standard LaTeX file (size option)
)
\c@part=\count80
\c@section=\count81
\c@subsection=\count82
\c@subsubsection=\count83
\c@paragraph=\count84
\c@subparagraph=\count85
\c@figure=\count86
\c@table=\count87
\abovecaptionskip=\skip41
\belowcaptionskip=\skip42
\bibindent=\dimen102
)
(c:/texlive/2013/texmf-dist/tex/latex/geometry/geometry.sty
Package: geometry 2010/09/12 v5.6 Page Geometry

(c:/texlive/2013/texmf-dist/tex/latex/graphics/keyval.sty
Package: keyval 1999/03/16 v1.13 key=value parser (DPC)
\KV@toks@=\toks14
)
(c:/texlive/2013/texmf-dist/tex/generic/oberdiek/ifpdf.sty
Package: ifpdf 2011/01/30 v2.3 Provides the ifpdf switch (HO)
Package ifpdf Info: pdfTeX in PDF mode is not detected.
)
(c:/texlive/2013/texmf-dist/tex/generic/oberdiek/ifvtex.sty
Package: ifvtex 2010/03/01 v1.5 Detect VTeX and its facilities (HO)
Package ifvtex Info: VTeX not detected.
)
(c:/texlive/2013/texmf-dist/tex/generic/ifxetex/ifxetex.sty
Package: ifxetex 2010/09/12 v0.6 Provides ifxetex conditional
)
\Gm@cnth=\count88
\Gm@cntv=\count89
\c@Gm@tempcnt=\count90
\Gm@bindingoffset=\dimen103
\Gm@wd@mp=\dimen104
\Gm@odd@mp=\dimen105
\Gm@even@mp=\dimen106
\Gm@layoutwidth=\dimen107
\Gm@layoutheight=\dimen108
\Gm@layouthoffset=\dimen109
\Gm@layoutvoffset=\dimen110
\Gm@dimlist=\toks15
)
(c:/texlive/2013/texmf-dist/tex/latex/xcolor/xcolor.sty
Package: xcolor 2007/01/21 v2.11 LaTeX color extensions (UK)

(c:/texlive/2013/texmf-dist/tex/latex/latexconfig/color.cfg
File: color.cfg 2007/01/18 v1.5 color configuration of teTeX/TeXLive
)
Package xcolor Info: Driver file: xetex.def on input line 225.

(c:/texlive/2013/texmf-dist/tex/xelatex/xetex-def/xetex.def
File: xetex.def 2013/04/29 v0.96 LaTeX color/graphics driver for XeTeX (RRM/JK)

)
Package xcolor Info: Model `cmy' substituted by `cmy0' on input line 1337.
Package xcolor Info: Model `RGB' extended on input line 1353.
Package xcolor Info: Model `HTML' substituted by `rgb' on input line 1355.
Package xcolor Info: Model `Hsb' substituted by `hsb' on input line 1356.
Package xcolor Info: Model `tHsb' substituted by `hsb' on input line 1357.
Package xcolor Info: Model `HSB' substituted by `hsb' on input line 1358.
Package xcolor Info: Model `Gray' substituted by `gray' on input line 1359.
Package xcolor Info: Model `wave' substituted by `hsb' on input line 1360.
)
(c:/texlive/2013/texmf-dist/tex/latex/graphics/graphicx.sty
Package: graphicx 1999/02/16 v1.0f Enhanced LaTeX Graphics (DPC,SPQR)

(c:/texlive/2013/texmf-dist/tex/latex/graphics/graphics.sty
Package: graphics 2009/02/05 v1.0o Standard LaTeX Graphics (DPC,SPQR)

(c:/texlive/2013/texmf-dist/tex/latex/graphics/trig.sty
Package: trig 1999/03/16 v1.09 sin cos tan (DPC)
)
(c:/texlive/2013/texmf-dist/tex/latex/latexconfig/graphics.cfg
File: graphics.cfg 2010/04/23 v1.9 graphics configuration of TeX Live
)
Package graphics Info: Driver file: xetex.def on input line 91.
)
\Gin@req@height=\dimen111
\Gin@req@width=\dimen112
)
(c:/texlive/2013/texmf-dist/tex/latex/fancyhdr/fancyhdr.sty
\fancy@headwidth=\skip43
\f@ncyO@elh=\skip44
\f@ncyO@erh=\skip45
\f@ncyO@olh=\skip46
\f@ncyO@orh=\skip47
\f@ncyO@elf=\skip48
\f@ncyO@erf=\skip49
\f@ncyO@olf=\skip50
\f@ncyO@orf=\skip51
)
(c:/texlive/2013/texmf-dist/tex/latex/pdfpages/pdfpages.sty
Package: pdfpages 2012/08/31 v0.4t Insert pages of external PDF documents (AM)

(c:/texlive/2013/texmf-dist/tex/latex/base/ifthen.sty
Package: ifthen 2001/05/26 v1.1c Standard LaTeX ifthen package (DPC)
)
(c:/texlive/2013/texmf-dist/tex/latex/tools/calc.sty
Package: calc 2007/08/22 v4.3 Infix arithmetic (KKT,FJ)
\calc@Acount=\count91
\calc@Bcount=\count92
\calc@Adimen=\dimen113
\calc@Bdimen=\dimen114
\calc@Askip=\skip52
\calc@Bskip=\skip53
LaTeX Info: Redefining \setlength on input line 76.
LaTeX Info: Redefining \addtolength on input line 77.
\calc@Ccount=\count93
\calc@Cskip=\skip54
)
(c:/texlive/2013/texmf-dist/tex/latex/eso-pic/eso-pic.sty
Package: eso-pic 2010/10/06 v2.0c eso-pic (RN)

(c:/texlive/2013/texmf-dist/tex/generic/oberdiek/atbegshi.sty
Package: atbegshi 2011/10/05 v1.16 At begin shipout hook (HO)

(c:/texlive/2013/texmf-dist/tex/generic/oberdiek/infwarerr.sty
Package: infwarerr 2010/04/08 v1.3 Providing info/warning/error messages (HO)
)
(c:/texlive/2013/texmf-dist/tex/generic/oberdiek/ltxcmds.sty
Package: ltxcmds 2011/11/09 v1.22 LaTeX kernel commands for general use (HO)
)))
(c:/texlive/2013/texmf-dist/tex/latex/pdfpages/ppxetex.def
File: ppxetex.def 2012/08/31 v0.4t Pdfpages driver for XeTeX (AM)
)
\AM@pagebox=\box26
\AM@toc@title=\toks16
\c@AM@survey=\count94
\AM@templatesizebox=\box27
)
(c:/texlive/2013/texmf-dist/tex/latex/background/background.sty
Package: background 2012/08/06 v2.0 background material

(c:/texlive/2013/texmf-dist/tex/latex/xkeyval/xkeyval.sty
Package: xkeyval 2012/10/14 v2.6b package option processing (HA)

(c:/texlive/2013/texmf-dist/tex/generic/xkeyval/xkeyval.tex
\XKV@toks=\toks17
\XKV@tempa@toks=\toks18
\XKV@depth=\count95
File: xkeyval.tex 2012/10/14 v2.6b key=value parser (HA)
))
(c:/texlive/2013/texmf-dist/tex/latex/pgf/frontendlayer/tikz.sty
(c:/texlive/2013/texmf-dist/tex/latex/pgf/basiclayer/pgf.sty
(c:/texlive/2013/texmf-dist/tex/latex/pgf/utilities/pgfrcs.sty
(c:/texlive/2013/texmf-dist/tex/generic/pgf/utilities/pgfutil-common.tex
\pgfutil@everybye=\toks19
)
(c:/texlive/2013/texmf-dist/tex/generic/pgf/utilities/pgfutil-latex.def
\pgfutil@abb=\box28

(c:/texlive/2013/texmf-dist/tex/latex/ms/everyshi.sty
Package: everyshi 2001/05/15 v3.00 EveryShipout Package (MS)
))
(c:/texlive/2013/texmf-dist/tex/generic/pgf/utilities/pgfrcs.code.tex
Package: pgfrcs 2010/10/25 v2.10 (rcs-revision 1.24)
))
Package: pgf 2008/01/15 v2.10 (rcs-revision 1.12)

(c:/texlive/2013/texmf-dist/tex/latex/pgf/basiclayer/pgfcore.sty
(c:/texlive/2013/texmf-dist/tex/latex/pgf/systemlayer/pgfsys.sty
(c:/texlive/2013/texmf-dist/tex/generic/pgf/systemlayer/pgfsys.code.tex
Package: pgfsys 2010/06/30 v2.10 (rcs-revision 1.37)

(c:/texlive/2013/texmf-dist/tex/generic/pgf/utilities/pgfkeys.code.tex
\pgfkeys@pathtoks=\toks20
\pgfkeys@temptoks=\toks21

(c:/texlive/2013/texmf-dist/tex/generic/pgf/utilities/pgfkeysfiltered.code.tex
\pgfkeys@tmptoks=\toks22
))
\pgf@x=\dimen115
\pgf@y=\dimen116
\pgf@xa=\dimen117
\pgf@ya=\dimen118
\pgf@xb=\dimen119
\pgf@yb=\dimen120
\pgf@xc=\dimen121
\pgf@yc=\dimen122
\w@pgf@writea=\write3
\r@pgf@reada=\read1
\c@pgf@counta=\count96
\c@pgf@countb=\count97
\c@pgf@countc=\count98
\c@pgf@countd=\count99
 (c:/texlive/2013/texmf-dist/tex/generic/pgf/systemlayer/pgf.cfg
File: pgf.cfg 2008/05/14  (rcs-revision 1.7)
)
Package pgfsys Info: Driver file for pgf: pgfsys-xetex.def on input line 900.

(c:/texlive/2013/texmf-dist/tex/generic/pgf/systemlayer/pgfsys-xetex.def
File: pgfsys-xetex.def 2010/02/16  (rcs-revision 1.3)

(c:/texlive/2013/texmf-dist/tex/generic/pgf/systemlayer/pgfsys-common-pdf.def
File: pgfsys-common-pdf.def 2008/05/19  (rcs-revision 1.10)
)
(c:/texlive/2013/texmf-dist/tex/generic/pgf/systemlayer/pgfsys-common-pdf-via-d
vi.def
File: pgfsys-common-pdf-via-dvi.def 2008/05/19  (rcs-revision 1.7)
)))
(c:/texlive/2013/texmf-dist/tex/generic/pgf/systemlayer/pgfsyssoftpath.code.tex
File: pgfsyssoftpath.code.tex 2008/07/18  (rcs-revision 1.7)
\pgfsyssoftpath@smallbuffer@items=\count100
\pgfsyssoftpath@bigbuffer@items=\count101
)
(c:/texlive/2013/texmf-dist/tex/generic/pgf/systemlayer/pgfsysprotocol.code.tex
File: pgfsysprotocol.code.tex 2006/10/16  (rcs-revision 1.4)
)) (c:/texlive/2013/texmf-dist/tex/generic/pgf/basiclayer/pgfcore.code.tex
Package: pgfcore 2010/04/11 v2.10 (rcs-revision 1.7)

(c:/texlive/2013/texmf-dist/tex/generic/pgf/math/pgfmath.code.tex
(c:/texlive/2013/texmf-dist/tex/generic/pgf/math/pgfmathcalc.code.tex
(c:/texlive/2013/texmf-dist/tex/generic/pgf/math/pgfmathutil.code.tex)
(c:/texlive/2013/texmf-dist/tex/generic/pgf/math/pgfmathparser.code.tex
\pgfmath@dimen=\dimen123
\pgfmath@count=\count102
\pgfmath@box=\box29
\pgfmath@toks=\toks23
\pgfmath@stack@operand=\toks24
\pgfmath@stack@operation=\toks25
)
(c:/texlive/2013/texmf-dist/tex/generic/pgf/math/pgfmathfunctions.code.tex
(c:/texlive/2013/texmf-dist/tex/generic/pgf/math/pgfmathfunctions.basic.code.te
x)
(c:/texlive/2013/texmf-dist/tex/generic/pgf/math/pgfmathfunctions.trigonometric
.code.tex)
(c:/texlive/2013/texmf-dist/tex/generic/pgf/math/pgfmathfunctions.random.code.t
ex)
(c:/texlive/2013/texmf-dist/tex/generic/pgf/math/pgfmathfunctions.comparison.co
de.tex)
(c:/texlive/2013/texmf-dist/tex/generic/pgf/math/pgfmathfunctions.base.code.tex
)
(c:/texlive/2013/texmf-dist/tex/generic/pgf/math/pgfmathfunctions.round.code.te
x)
(c:/texlive/2013/texmf-dist/tex/generic/pgf/math/pgfmathfunctions.misc.code.tex
))) (c:/texlive/2013/texmf-dist/tex/generic/pgf/math/pgfmathfloat.code.tex
\c@pgfmathroundto@lastzeros=\count103
))
(c:/texlive/2013/texmf-dist/tex/generic/pgf/basiclayer/pgfcorepoints.code.tex
File: pgfcorepoints.code.tex 2010/04/09  (rcs-revision 1.20)
\pgf@picminx=\dimen124
\pgf@picmaxx=\dimen125
\pgf@picminy=\dimen126
\pgf@picmaxy=\dimen127
\pgf@pathminx=\dimen128
\pgf@pathmaxx=\dimen129
\pgf@pathminy=\dimen130
\pgf@pathmaxy=\dimen131
\pgf@xx=\dimen132
\pgf@xy=\dimen133
\pgf@yx=\dimen134
\pgf@yy=\dimen135
\pgf@zx=\dimen136
\pgf@zy=\dimen137
)
(c:/texlive/2013/texmf-dist/tex/generic/pgf/basiclayer/pgfcorepathconstruct.cod
e.tex
File: pgfcorepathconstruct.code.tex 2010/08/03  (rcs-revision 1.24)
\pgf@path@lastx=\dimen138
\pgf@path@lasty=\dimen139
)
(c:/texlive/2013/texmf-dist/tex/generic/pgf/basiclayer/pgfcorepathusage.code.te
x
File: pgfcorepathusage.code.tex 2008/04/22  (rcs-revision 1.12)
\pgf@shorten@end@additional=\dimen140
\pgf@shorten@start@additional=\dimen141
)
(c:/texlive/2013/texmf-dist/tex/generic/pgf/basiclayer/pgfcorescopes.code.tex
File: pgfcorescopes.code.tex 2010/09/08  (rcs-revision 1.34)
\pgfpic=\box30
\pgf@hbox=\box31
\pgf@layerbox@main=\box32
\pgf@picture@serial@count=\count104
)
(c:/texlive/2013/texmf-dist/tex/generic/pgf/basiclayer/pgfcoregraphicstate.code
.tex
File: pgfcoregraphicstate.code.tex 2008/04/22  (rcs-revision 1.9)
\pgflinewidth=\dimen142
)
(c:/texlive/2013/texmf-dist/tex/generic/pgf/basiclayer/pgfcoretransformations.c
ode.tex
File: pgfcoretransformations.code.tex 2009/06/10  (rcs-revision 1.11)
\pgf@pt@x=\dimen143
\pgf@pt@y=\dimen144
\pgf@pt@temp=\dimen145
)
(c:/texlive/2013/texmf-dist/tex/generic/pgf/basiclayer/pgfcorequick.code.tex
File: pgfcorequick.code.tex 2008/10/09  (rcs-revision 1.3)
)
(c:/texlive/2013/texmf-dist/tex/generic/pgf/basiclayer/pgfcoreobjects.code.tex
File: pgfcoreobjects.code.tex 2006/10/11  (rcs-revision 1.2)
)
(c:/texlive/2013/texmf-dist/tex/generic/pgf/basiclayer/pgfcorepathprocessing.co
de.tex
File: pgfcorepathprocessing.code.tex 2008/10/09  (rcs-revision 1.8)
)
(c:/texlive/2013/texmf-dist/tex/generic/pgf/basiclayer/pgfcorearrows.code.tex
File: pgfcorearrows.code.tex 2008/04/23  (rcs-revision 1.11)
)
(c:/texlive/2013/texmf-dist/tex/generic/pgf/basiclayer/pgfcoreshade.code.tex
File: pgfcoreshade.code.tex 2008/11/23  (rcs-revision 1.13)
\pgf@max=\dimen146
\pgf@sys@shading@range@num=\count105
)
(c:/texlive/2013/texmf-dist/tex/generic/pgf/basiclayer/pgfcoreimage.code.tex
File: pgfcoreimage.code.tex 2010/03/25  (rcs-revision 1.16)

(c:/texlive/2013/texmf-dist/tex/generic/pgf/basiclayer/pgfcoreexternal.code.tex
File: pgfcoreexternal.code.tex 2010/09/01  (rcs-revision 1.17)
\pgfexternal@startupbox=\box33
))
(c:/texlive/2013/texmf-dist/tex/generic/pgf/basiclayer/pgfcorelayers.code.tex
File: pgfcorelayers.code.tex 2010/08/27  (rcs-revision 1.2)
)
(c:/texlive/2013/texmf-dist/tex/generic/pgf/basiclayer/pgfcoretransparency.code
.tex
File: pgfcoretransparency.code.tex 2008/01/17  (rcs-revision 1.2)
)
(c:/texlive/2013/texmf-dist/tex/generic/pgf/basiclayer/pgfcorepatterns.code.tex
File: pgfcorepatterns.code.tex 2009/07/02  (rcs-revision 1.3)
)))
(c:/texlive/2013/texmf-dist/tex/generic/pgf/modules/pgfmoduleshapes.code.tex
File: pgfmoduleshapes.code.tex 2010/09/09  (rcs-revision 1.13)
\pgfnodeparttextbox=\box34
)
(c:/texlive/2013/texmf-dist/tex/generic/pgf/modules/pgfmoduleplot.code.tex
File: pgfmoduleplot.code.tex 2010/10/22  (rcs-revision 1.8)
)
(c:/texlive/2013/texmf-dist/tex/latex/pgf/compatibility/pgfcomp-version-0-65.st
y
Package: pgfcomp-version-0-65 2007/07/03 v2.10 (rcs-revision 1.7)
\pgf@nodesepstart=\dimen147
\pgf@nodesepend=\dimen148
)
(c:/texlive/2013/texmf-dist/tex/latex/pgf/compatibility/pgfcomp-version-1-18.st
y
Package: pgfcomp-version-1-18 2007/07/23 v2.10 (rcs-revision 1.1)
)) (c:/texlive/2013/texmf-dist/tex/latex/pgf/utilities/pgffor.sty
(c:/texlive/2013/texmf-dist/tex/latex/pgf/utilities/pgfkeys.sty
(c:/texlive/2013/texmf-dist/tex/generic/pgf/utilities/pgfkeys.code.tex))
(c:/texlive/2013/texmf-dist/tex/generic/pgf/utilities/pgffor.code.tex
Package: pgffor 2010/03/23 v2.10 (rcs-revision 1.18)
\pgffor@iter=\dimen149
\pgffor@skip=\dimen150
\pgffor@stack=\toks26
\pgffor@toks=\toks27
))
(c:/texlive/2013/texmf-dist/tex/generic/pgf/frontendlayer/tikz/tikz.code.tex
Package: tikz 2010/10/13 v2.10 (rcs-revision 1.76)

(c:/texlive/2013/texmf-dist/tex/generic/pgf/libraries/pgflibraryplothandlers.co
de.tex
File: pgflibraryplothandlers.code.tex 2010/05/31 v2.10 (rcs-revision 1.15)
\pgf@plot@mark@count=\count106
\pgfplotmarksize=\dimen151
)
\tikz@lastx=\dimen152
\tikz@lasty=\dimen153
\tikz@lastxsaved=\dimen154
\tikz@lastysaved=\dimen155
\tikzleveldistance=\dimen156
\tikzsiblingdistance=\dimen157
\tikz@figbox=\box35
\tikz@tempbox=\box36
\tikztreelevel=\count107
\tikznumberofchildren=\count108
\tikznumberofcurrentchild=\count109
\tikz@fig@count=\count110

(c:/texlive/2013/texmf-dist/tex/generic/pgf/modules/pgfmodulematrix.code.tex
File: pgfmodulematrix.code.tex 2010/08/24  (rcs-revision 1.4)
\pgfmatrixcurrentrow=\count111
\pgfmatrixcurrentcolumn=\count112
\pgf@matrix@numberofcolumns=\count113
)
\tikz@expandcount=\count114

(c:/texlive/2013/texmf-dist/tex/generic/pgf/frontendlayer/tikz/libraries/tikzli
brarytopaths.code.tex
File: tikzlibrarytopaths.code.tex 2008/06/17 v2.10 (rcs-revision 1.2)
)))
(c:/texlive/2013/texmf-dist/tex/latex/everypage/everypage.sty
Package: everypage 2007/06/20 1.1 Hooks to run on every page
)
(c:/texlive/2013/texmf-dist/tex/latex/tools/afterpage.sty
Package: afterpage 1995/10/27 v1.08 After-Page Package (DPC)
\AP@output=\toks28
\AP@partial=\box37
\AP@footins=\box38
))
(c:/texlive/2013/texmf-dist/tex/latex/lipsum/lipsum.sty
Package: lipsum 2011/04/14 v1.2 150 paragraphs of Lorem Ipsum dummy text
\c@lips@count=\count115
)
(./template_twocolumn_example-includepdf.aux)
\openout1 = `template_twocolumn_example-includepdf.aux'.

LaTeX Font Info:    Checking defaults for OML/cmm/m/it on input line 33.
LaTeX Font Info:    ... okay on input line 33.
LaTeX Font Info:    Checking defaults for T1/cmr/m/n on input line 33.
LaTeX Font Info:    ... okay on input line 33.
LaTeX Font Info:    Checking defaults for OT1/cmr/m/n on input line 33.
LaTeX Font Info:    ... okay on input line 33.
LaTeX Font Info:    Checking defaults for OMS/cmsy/m/n on input line 33.
LaTeX Font Info:    ... okay on input line 33.
LaTeX Font Info:    Checking defaults for OMX/cmex/m/n on input line 33.
LaTeX Font Info:    ... okay on input line 33.
LaTeX Font Info:    Checking defaults for U/cmr/m/n on input line 33.
LaTeX Font Info:    ... okay on input line 33.

*geometry* driver: auto-detecting
*geometry* detected driver: xetex
*geometry* verbose mode - [ preamble ] result:
* driver: xetex
* paper: letterpaper
* layout: <same size as paper>
* layoutoffset:(h,v)=(0.0pt,0.0pt)
* modes: landscape includefoot 
* h-part:(L,W,R)=(36.135pt, 722.7pt, 36.135pt)
* v-part:(T,H,B)=(36.135pt, 542.02501pt, 36.135pt)
* \paperwidth=794.96999pt
* \paperheight=614.295pt
* \textwidth=722.7pt
* \textheight=512.02501pt
* \oddsidemargin=-36.135pt
* \evensidemargin=-36.135pt
* \topmargin=-73.135pt
* \headheight=12.0pt
* \headsep=25.0pt
* \topskip=10.0pt
* \footskip=30.0pt
* \marginparwidth=0.0pt
* \marginparsep=0.0pt
* \columnsep=10.0pt
* \skip\footins=9.0pt plus 4.0pt minus 2.0pt
* \hoffset=0.0pt
* \voffset=0.0pt
* \mag=1000
* \@twocolumntrue
* \@twosidefalse
* \@mparswitchfalse
* \@reversemarginfalse
* (1in=72.27pt=25.4mm, 1cm=28.453pt)

\AtBeginShipoutBox=\box39
ABD: EveryShipout initializing macros
File: CheatSheetPages.pdf Graphic file (type QTm)
 <use  "CheatSheetPages.pdf"  page1>
File: CheatSheetPages.pdf Graphic file (type QTm)

<use  "CheatSheetPages.pdf"  page1>
File: CheatSheetPages.pdf Graphic file (type QTm)
 <use  "CheatSheetPages.pdf"  page1>
File: CheatSheetPages.pdf Graphic file (type QTm)

<use  "CheatSheetPages.pdf"  page1>
Invalid UTF-8 byte or sequence at line 34 replaced by U+FFFD.
Invalid UTF-8 byte or sequence at line 34 replaced by U+FFFD.
Invalid UTF-8 byte or sequence at line 34 replaced by U+FFFD.
Invalid UTF-8 byte or sequence at line 34 replaced by U+FFFD.
Invalid UTF-8 byte or sequence at line 34 replaced by U+FFFD.
Invalid UTF-8 byte or sequence at line 34 replaced by U+FFFD.
File: mf_logo_onecolor.eps Graphic file (type eps)
 <mf_logo_onecolor.eps>
Invalid UTF-8 byte or sequence at line 34 replaced by U+FFFD.
Invalid UTF-8 byte or sequence at line 34 replaced by U+FFFD.
Invalid UTF-8 byte or sequence at line 34 replaced by U+FFFD.
Invalid UTF-8 byte or sequence at line 34 replaced by U+FFFD.
Invalid UTF-8 byte or sequence at line 34 replaced by U+FFFD.
Invalid UTF-8 byte or sequence at line 34 replaced by U+FFFD.
File: mf_logo_onecolor.eps Graphic file (type eps)

<mf_logo_onecolor.eps>
File: CheatSheetPages.pdf Graphic file (type QTm)
 <use  "CheatSheetPages.pdf"  page1> [1


]
File: CheatSheetPages.pdf Graphic file (type QTm)

<use  "CheatSheetPages.pdf"  page2>
File: CheatSheetPages.pdf Graphic file (type QTm)
 <use  "CheatSheetPages.pdf"  page2>
Invalid UTF-8 byte or sequence at line 34 replaced by U+FFFD.
Invalid UTF-8 byte or sequence at line 34 replaced by U+FFFD.
Invalid UTF-8 byte or sequence at line 34 replaced by U+FFFD.
Invalid UTF-8 byte or sequence at line 34 replaced by U+FFFD.
Invalid UTF-8 byte or sequence at line 34 replaced by U+FFFD.
Invalid UTF-8 byte or sequence at line 34 replaced by U+FFFD.
File: mf_logo_onecolor.eps Graphic file (type eps)

<mf_logo_onecolor.eps>
Invalid UTF-8 byte or sequence at line 34 replaced by U+FFFD.
Invalid UTF-8 byte or sequence at line 34 replaced by U+FFFD.
Invalid UTF-8 byte or sequence at line 34 replaced by U+FFFD.
Invalid UTF-8 byte or sequence at line 34 replaced by U+FFFD.
Invalid UTF-8 byte or sequence at line 34 replaced by U+FFFD.
Invalid UTF-8 byte or sequence at line 34 replaced by U+FFFD.
File: mf_logo_onecolor.eps Graphic file (type eps)
 <mf_logo_onecolor.eps>
File: CheatSheetPages.pdf Graphic file (type QTm)

<use  "CheatSheetPages.pdf"  page2> [2]
File: CheatSheetPages.pdf Graphic file (type QTm)
 <use  "CheatSheetPages.pdf"  page3>
File: CheatSheetPages.pdf Graphic file (type QTm)

<use  "CheatSheetPages.pdf"  page3>
Invalid UTF-8 byte or sequence at line 34 replaced by U+FFFD.
Invalid UTF-8 byte or sequence at line 34 replaced by U+FFFD.
Invalid UTF-8 byte or sequence at line 34 replaced by U+FFFD.
Invalid UTF-8 byte or sequence at line 34 replaced by U+FFFD.
Invalid UTF-8 byte or sequence at line 34 replaced by U+FFFD.
Invalid UTF-8 byte or sequence at line 34 replaced by U+FFFD.
File: mf_logo_onecolor.eps Graphic file (type eps)
 <mf_logo_onecolor.eps>
Invalid UTF-8 byte or sequence at line 34 replaced by U+FFFD.
Invalid UTF-8 byte or sequence at line 34 replaced by U+FFFD.
Invalid UTF-8 byte or sequence at line 34 replaced by U+FFFD.
Invalid UTF-8 byte or sequence at line 34 replaced by U+FFFD.
Invalid UTF-8 byte or sequence at line 34 replaced by U+FFFD.
Invalid UTF-8 byte or sequence at line 34 replaced by U+FFFD.
File: mf_logo_onecolor.eps Graphic file (type eps)

<mf_logo_onecolor.eps>
File: CheatSheetPages.pdf Graphic file (type QTm)
 <use  "CheatSheetPages.pdf"  page3> [3]
File: CheatSheetPages.pdf Graphic file (type QTm)

<use  "CheatSheetPages.pdf"  page4>
File: CheatSheetPages.pdf Graphic file (type QTm)
 <use  "CheatSheetPages.pdf"  page4>
Invalid UTF-8 byte or sequence at line 34 replaced by U+FFFD.
Invalid UTF-8 byte or sequence at line 34 replaced by U+FFFD.
Invalid UTF-8 byte or sequence at line 34 replaced by U+FFFD.
Invalid UTF-8 byte or sequence at line 34 replaced by U+FFFD.
Invalid UTF-8 byte or sequence at line 34 replaced by U+FFFD.
Invalid UTF-8 byte or sequence at line 34 replaced by U+FFFD.
File: mf_logo_onecolor.eps Graphic file (type eps)

<mf_logo_onecolor.eps>
Invalid UTF-8 byte or sequence at line 34 replaced by U+FFFD.
Invalid UTF-8 byte or sequence at line 34 replaced by U+FFFD.
Invalid UTF-8 byte or sequence at line 34 replaced by U+FFFD.
Invalid UTF-8 byte or sequence at line 34 replaced by U+FFFD.
Invalid UTF-8 byte or sequence at line 34 replaced by U+FFFD.
Invalid UTF-8 byte or sequence at line 34 replaced by U+FFFD.
File: mf_logo_onecolor.eps Graphic file (type eps)
 <mf_logo_onecolor.eps>
File: CheatSheetPages.pdf Graphic file (type QTm)

<use  "CheatSheetPages.pdf"  page4> [4]
(./template_twocolumn_example-includepdf.aux) ) 
Here is how much of TeX's memory you used:
 10884 strings out of 493938
 203798 string characters out of 6151977
 339921 words of memory out of 5000000
 13984 multiletter control sequences out of 15000+600000
 3640 words of font info for 14 fonts, out of 8000000 for 9000
 1144 hyphenation exceptions out of 8191
 63i,18n,57p,503b,1318s stack positions out of 5000i,500n,10000p,200000b,80000s

Output written on template_twocolumn_example-includepdf.pdf (4 pages).
